SF:lib/feature/splash/presentation/widget/splash_page.dart
DA:17,4
DA:19,1
DA:21,1
DA:22,1
DA:23,2
DA:24,1
DA:25,1
DA:26,1
DA:28,1
DA:30,1
DA:31,1
DA:34,1
DA:37,1
DA:38,1
DA:39,1
DA:40,1
DA:41,1
DA:42,1
DA:44,1
DA:45,1
DA:46,1
DA:47,3
DA:48,1
DA:56,1
DA:57,3
DA:58,3
LF:26
LH:26
end_of_record
SF:lib/feature/events/presentation/widget/events_page.dart
DA:8,1
DA:12,1
DA:17,1
DA:19,1
LF:4
LH:4
end_of_record
SF:lib/feature/filters/domain/use_case/get_cities_use_case.dart
DA:11,1
DA:15,1
DA:16,2
DA:17,1
DA:18,4
LF:5
LH:5
end_of_record
SF:lib/feature/filters/domain/use_case/get_genres_use_case.dart
DA:11,1
DA:15,1
DA:16,2
DA:17,1
DA:18,4
LF:5
LH:5
end_of_record
SF:lib/util/device/assets_manager.dart
DA:6,0
DA:7,0
DA:10,0
DA:11,0
LF:4
LH:0
end_of_record
SF:lib/util/di/di_container.dart
DA:3,12
DA:7,4
DA:11,4
DA:12,12
DA:17,4
DA:19,12
DA:24,4
DA:25,8
DA:26,4
DA:30,4
DA:31,8
LF:11
LH:11
end_of_record
SF:lib/util/di/di_initializer.dart
DA:8,4
DA:11,4
DA:13,8
DA:14,4
LF:4
LH:4
end_of_record
SF:lib/util/navigation/app_router.gr.dart
DA:16,2
DA:20,1
DA:21,1
DA:24,1
DA:25,1
DA:26,1
DA:27,0
DA:28,0
DA:29,0
DA:30,1
DA:32,1
DA:33,1
DA:34,1
DA:35,1
DA:39,1
DA:40,1
DA:41,1
DA:42,1
DA:49,0
DA:57,1
DA:58,1
DA:60,1
DA:62,1
DA:68,1
DA:76,0
DA:78,0
LF:26
LH:20
end_of_record
SF:lib/desgin_system/animation/animation_time.dart
DA:2,1
DA:3,1
DA:4,1
LF:3
LH:3
end_of_record
SF:lib/desgin_system/animation/fade_in_widget.dart
DA:5,1
DA:10,1
DA:16,1
DA:17,1
DA:24,1
DA:26,1
DA:27,2
DA:29,1
DA:31,2
DA:32,1
DA:37,1
DA:39,2
DA:40,1
DA:43,1
DA:45,2
DA:46,7
DA:49,1
DA:50,1
DA:51,2
LF:19
LH:19
end_of_record
SF:lib/desgin_system/animation/translate_widget.dart
DA:5,1
DA:10,1
DA:16,1
DA:17,1
DA:24,1
DA:26,1
DA:27,2
DA:29,1
DA:31,2
DA:34,3
DA:37,1
DA:39,2
DA:40,1
DA:43,1
DA:45,2
DA:46,6
DA:49,1
DA:50,1
DA:51,2
LF:19
LH:19
end_of_record
SF:lib/desgin_system/molecules/button/app_inverted_primary_button.dart
DA:5,1
DA:9,1
DA:11,1
LF:3
LH:3
end_of_record
SF:lib/desgin_system/molecules/button/app_primary_button.dart
DA:8,4
DA:12,4
DA:17,4
DA:19,4
DA:20,4
DA:21,4
DA:25,4
DA:27,4
DA:28,8
DA:29,4
DA:30,4
DA:31,4
DA:32,4
DA:34,4
DA:35,5
DA:42,4
LF:16
LH:16
end_of_record
SF:lib/util/device/screen_info.dart
DA:4,4
DA:5,8
DA:6,8
LF:3
LH:3
end_of_record
SF:lib/desgin_system/molecules/input/app_input_text.dart
DA:7,4
DA:10,2
DA:12,2
DA:14,2
DA:15,2
LF:5
LH:5
end_of_record
SF:lib/desgin_system/molecules/list/app_list.dart
DA:4,3
DA:8,3
DA:13,3
DA:15,3
DA:16,6
DA:17,15
LF:6
LH:6
end_of_record
SF:lib/desgin_system/molecules/list/filterable_list.dart
DA:6,2
DA:11,2
DA:17,2
DA:18,2
DA:24,2
DA:26,2
DA:27,8
DA:30,2
DA:32,2
DA:33,2
DA:34,2
DA:35,4
DA:37,2
DA:38,2
DA:39,2
DA:40,8
DA:47,2
DA:48,16
DA:49,4
DA:50,4
DA:51,4
LF:21
LH:21
end_of_record
SF:lib/desgin_system/molecules/text/app_body.dart
DA:7,3
DA:10,3
DA:14,3
DA:16,3
DA:17,3
DA:18,3
DA:20,3
LF:7
LH:7
end_of_record
SF:lib/desgin_system/molecules/text/app_glowing_subtitle.dart
DA:7,1
DA:10,1
DA:14,1
DA:16,1
DA:17,1
DA:18,1
LF:6
LH:6
end_of_record
SF:lib/desgin_system/molecules/text/glowing_text.dart
DA:5,1
DA:10,1
DA:18,1
DA:20,1
DA:21,1
DA:22,1
DA:24,1
DA:25,1
DA:26,1
DA:27,2
DA:28,2
DA:29,2
DA:30,2
LF:13
LH:13
end_of_record
SF:lib/desgin_system/molecules/text/app_glowing_title.dart
DA:7,1
DA:10,1
DA:14,1
DA:16,1
DA:17,1
DA:18,1
LF:6
LH:6
end_of_record
SF:lib/desgin_system/molecules/text/app_title.dart
DA:7,4
DA:10,4
DA:14,4
DA:16,4
DA:17,4
DA:18,4
DA:20,4
LF:7
LH:7
end_of_record
SF:lib/desgin_system/molecules/widget/app_background_image.dart
DA:9,8
DA:13,1
DA:14,1
DA:20,1
DA:22,1
DA:23,1
DA:26,1
DA:28,1
DA:29,1
DA:30,1
DA:31,1
DA:32,0
DA:34,0
DA:35,0
DA:46,1
DA:47,4
DA:49,0
DA:50,0
LF:18
LH:13
end_of_record
SF:lib/desgin_system/molecules/widget/app_date_range_picker.dart
DA:4,1
DA:10,1
DA:15,1
DA:16,1
DA:17,1
DA:18,1
DA:19,1
DA:20,1
DA:21,1
LF:9
LH:9
end_of_record
SF:lib/desgin_system/util/screen_util.dart
DA:5,3
DA:6,6
DA:7,3
DA:8,3
DA:9,6
DA:10,6
LF:6
LH:6
end_of_record
SF:lib/desgin_system/molecules/widget/app_dialog.dart
DA:10,3
DA:16,3
DA:17,3
DA:19,3
DA:24,6
DA:25,9
DA:27,3
DA:28,3
DA:32,3
DA:33,3
DA:34,3
LF:11
LH:11
end_of_record
SF:lib/desgin_system/molecules/widget/app_fade_animated_widget.dart
DA:6,1
DA:11,1
DA:17,1
DA:19,1
DA:20,2
DA:21,1
DA:22,1
LF:7
LH:7
end_of_record
SF:lib/desgin_system/molecules/widget/app_fade_translate_animated_widget.dart
DA:7,1
DA:12,1
DA:18,1
DA:20,1
DA:21,2
DA:22,1
DA:23,1
DA:24,1
DA:25,1
LF:9
LH:9
end_of_record
SF:lib/desgin_system/molecules/widget/app_list_tile.dart
DA:6,3
DA:10,3
DA:15,3
DA:17,3
DA:19,6
DA:20,3
DA:21,3
DA:22,6
LF:8
LH:8
end_of_record
SF:lib/feature/filters/domain/model/city.dart
DA:13,2
LF:1
LH:1
end_of_record
SF:lib/feature/filters/domain/model/city.g.dart
DA:9,2
DA:10,1
DA:11,1
DA:14,0
DA:15,0
DA:16,0
LF:6
LH:3
end_of_record
SF:lib/feature/filters/domain/model/filters.dart
DA:4,8
DA:6,3
DA:8,3
LF:3
LH:3
end_of_record
SF:lib/feature/filters/domain/model/genre.dart
DA:13,2
LF:1
LH:1
end_of_record
SF:lib/feature/filters/domain/model/genre.g.dart
DA:9,2
DA:10,1
DA:11,1
DA:14,0
DA:15,0
DA:16,0
LF:6
LH:3
end_of_record
SF:lib/feature/filters/domain/use_case/get_date_range_max_use_case.dart
DA:6,1
DA:10,3
LF:2
LH:2
end_of_record
SF:lib/feature/filters/domain/use_case/get_date_range_min_use_case.dart
DA:6,1
DA:10,3
LF:2
LH:2
end_of_record
SF:lib/feature/filters/domain/use_case/get_date_ranges_use_case.dart
DA:6,1
DA:8,1
DA:9,1
LF:3
LH:3
end_of_record
SF:lib/feature/filters/localisation/build_context_extension.dart
DA:5,4
LF:1
LH:1
end_of_record
SF:lib/feature/filters/localisation/translation/filtersTranslation.i69n.dart
DA:5,0
DA:6,0
DA:8,0
DA:15,0
DA:17,0
DA:24,0
DA:26,0
DA:33,0
DA:37,4
DA:38,1
DA:39,1
DA:40,8
DA:41,0
DA:42,0
DA:43,0
DA:44,0
DA:45,0
DA:48,0
DA:49,0
DA:50,0
DA:51,0
DA:52,0
DA:53,0
DA:62,4
DA:63,1
DA:64,1
DA:65,1
DA:66,4
DA:67,1
DA:68,1
DA:69,0
DA:70,0
DA:71,0
DA:72,0
DA:73,0
DA:76,0
DA:77,0
DA:78,0
DA:79,0
DA:80,0
DA:81,0
DA:82,0
DA:83,0
DA:84,0
DA:85,0
DA:86,0
DA:87,0
LF:47
LH:11
end_of_record
SF:lib/feature/filters/presentation/bloc/filters_bloc.dart
DA:14,4
DA:15,4
DA:22,4
DA:23,6
DA:24,3
DA:25,3
DA:26,3
DA:31,1
DA:32,4
DA:35,1
DA:36,4
DA:39,1
DA:40,4
LF:13
LH:13
end_of_record
SF:lib/feature/filters/presentation/widget/filters_widget.dart
DA:28,8
DA:32,4
DA:33,4
DA:37,4
DA:39,4
DA:40,8
DA:41,4
DA:42,4
DA:43,12
DA:44,4
DA:45,4
DA:46,4
DA:49,4
DA:51,4
DA:52,4
DA:53,4
DA:54,8
DA:55,2
DA:58,4
DA:59,8
DA:60,2
DA:63,4
DA:64,8
DA:65,2
DA:75,1
DA:76,2
DA:77,1
DA:79,3
DA:80,1
DA:82,2
DA:83,1
DA:84,4
DA:91,1
DA:92,2
DA:93,1
DA:95,3
DA:96,1
DA:98,2
DA:99,1
DA:100,4
DA:107,1
DA:108,2
DA:109,1
DA:111,4
DA:112,1
DA:114,2
DA:115,1
DA:116,2
DA:122,4
DA:123,4
DA:124,4
DA:125,4
DA:126,16
DA:127,4
DA:128,2
DA:130,1
DA:131,1
DA:136,1
DA:142,3
DA:144,5
DA:148,1
DA:149,1
DA:150,1
DA:151,1
DA:153,2
DA:154,2
DA:155,3
DA:157,1
DA:158,2
DA:159,4
DA:162,4
LF:71
LH:71
end_of_record
SF:lib/feature/splash/localisation/build_context_extension.dart
DA:5,1
LF:1
LH:1
end_of_record
SF:lib/feature/splash/localisation/translation/splashTranslation.i69n.dart
DA:5,0
DA:6,0
DA:8,0
DA:15,0
DA:17,0
DA:24,0
DA:26,0
DA:33,0
DA:37,4
DA:38,1
DA:39,1
DA:40,1
DA:42,2
DA:43,0
DA:44,0
DA:45,0
DA:46,0
DA:47,0
DA:50,0
DA:51,0
DA:52,0
DA:53,0
DA:54,0
DA:55,0
DA:56,0
DA:57,0
DA:66,1
DA:67,1
DA:68,0
DA:69,0
DA:70,0
DA:71,0
DA:72,0
DA:75,0
DA:76,0
LF:35
LH:7
end_of_record
SF:lib/feature/splash/presentation/bloc/splash_bloc.dart
DA:17,2
DA:18,1
DA:19,2
DA:20,2
DA:21,2
DA:22,2
DA:23,2
DA:24,1
DA:25,4
DA:26,2
DA:29,1
DA:34,1
DA:35,2
DA:36,4
DA:37,2
DA:38,1
DA:41,1
DA:42,4
DA:46,2
DA:47,1
DA:50,1
DA:51,4
DA:57,1
DA:58,4
DA:64,1
DA:70,4
DA:72,1
DA:73,2
DA:74,3
DA:75,3
LF:30
LH:30
end_of_record
SF:lib/util/navigation/app_navigator.dart
DA:6,1
DA:10,1
DA:14,3
LF:3
LH:3
end_of_record
SF:lib/feature/splash/presentation/widget/splash_text.dart
DA:13,4
DA:15,1
DA:17,2
DA:18,1
DA:19,2
DA:20,1
DA:22,1
DA:23,1
DA:24,1
DA:25,3
DA:27,1
DA:28,1
DA:29,3
DA:32,1
DA:33,1
DA:34,3
DA:35,3
LF:17
LH:17
end_of_record
SF:lib/util/di/di_initializer.config.dart
DA:29,4
DA:31,4
DA:32,6
DA:33,4
DA:34,12
DA:35,4
DA:36,3
DA:37,4
DA:38,3
DA:39,4
DA:40,3
DA:41,6
DA:42,4
DA:43,3
DA:44,4
DA:45,3
DA:46,7
LF:17
LH:17
end_of_record
